#
# There is insufficient memory for the Java Runtime Environment to continue.
# Native memory allocation (malloc) failed to allocate 32744 bytes for ChunkPool::allocate
# Possible reasons:
#   The system is out of physical RAM or swap space
#   In 32 bit mode, the process size limit was hit
# Possible solutions:
#   Reduce memory load on the system
#   Increase physical memory or swap space
#   Check if swap backing store is full
#   Use 64 bit Java on a 64 bit OS
#   Decrease Java heap size (-Xmx/-Xms)
#   Decrease number of Java threads
#   Decrease Java thread stack sizes (-Xss)
#   Set larger code cache with -XX:ReservedCodeCacheSize=
# This output file may be truncated or incomplete.
#
#  Out of Memory Error (allocation.cpp:273), pid=9348, tid=0x0000000000001648
#
# JRE version: OpenJDK Runtime Environment (8.0_152-b02) (build 1.8.0_152-release-1024-b02)
# Java VM: OpenJDK 64-Bit Server VM (25.152-b02 mixed mode windows-amd64 compressed oops)
# Failed to write core dump. Minidumps are not enabled by default on client versions of Windows
#

---------------  T H R E A D  ---------------

Current thread (0x000000001669d000):  JavaThread "C2 CompilerThread0" daemon [_thread_in_native, id=5704, stack(0x00000000185f0000,0x00000000186f0000)]

Stack: [0x00000000185f0000,0x00000000186f0000]
[error occurred during error reporting (printing stack bounds), id 0xc0000005]

Native frames: (J=compiled Java code, j=interpreted, Vv=VM code, C=native code)


Current CompileTask:
C2:4838457 18522 %     4       com.android.tools.r8.ir.analysis.constant.SparseConditionalConstantPropagation::run @ 204 (287 bytes)


---------------  P R O C E S S  ---------------

Java Threads: ( => current thread )
  0x000000001d9c1000 JavaThread "stdout" daemon [_thread_in_native, id=7024, stack(0x0000000048ab0000,0x0000000048bb0000)]
  0x000000001d9c2800 JavaThread "stderr" daemon [_thread_in_native, id=4552, stack(0x00000000489b0000,0x0000000048ab0000)]
  0x000000001bbe1000 JavaThread "stdout" daemon [_thread_in_native, id=1640, stack(0x00000000488b0000,0x00000000489b0000)]
  0x000000001bbe2800 JavaThread "stderr" daemon [_thread_in_native, id=1092, stack(0x00000000487b0000,0x00000000488b0000)]
  0x000000001bbdf000 JavaThread "queued-resource-processor_36" daemon [_thread_blocked, id=1276, stack(0x00000000486b0000,0x00000000487b0000)]
  0x000000001bbe4000 JavaThread "queued-resource-processor_35" daemon [_thread_blocked, id=4168, stack(0x00000000485b0000,0x00000000486b0000)]
  0x000000001bbe5000 JavaThread "queued-resource-processor_34" daemon [_thread_blocked, id=5832, stack(0x00000000484b0000,0x00000000485b0000)]
  0x000000001bbe2000 JavaThread "queued-resource-processor_33" daemon [_thread_blocked, id=2740, stack(0x00000000483b0000,0x00000000484b0000)]
  0x000000001bbdf800 JavaThread "queued-resource-processor_32" daemon [_thread_blocked, id=4964, stack(0x00000000482b0000,0x00000000483b0000)]
  0x000000001bbe3800 JavaThread "queued-resource-processor_31" daemon [_thread_blocked, id=10480, stack(0x00000000481b0000,0x00000000482b0000)]
  0x000000001bbe0800 JavaThread "ForkJoinPool.commonPool-worker-2" daemon [_thread_blocked, id=4868, stack(0x0000000047db0000,0x0000000047eb0000)]
  0x000000001f7da800 JavaThread "ForkJoinPool.commonPool-worker-1" daemon [_thread_blocked, id=10860, stack(0x00000000315b0000,0x00000000316b0000)]
  0x000000001b686800 JavaThread "ForkJoinPool.commonPool-worker-0" daemon [_thread_blocked, id=11332, stack(0x00000000314b0000,0x00000000315b0000)]
  0x000000001b687800 JavaThread "ForkJoinPool.commonPool-worker-7" daemon [_thread_blocked, id=9232, stack(0x00000000313b0000,0x00000000314b0000)]
  0x000000001b683800 JavaThread "ForkJoinPool.commonPool-worker-6" daemon [_thread_blocked, id=10928, stack(0x00000000312b0000,0x00000000313b0000)]
  0x000000001f7dc000 JavaThread "ForkJoinPool.commonPool-worker-5" daemon [_thread_blocked, id=2396, stack(0x000000002fdb0000,0x000000002feb0000)]
  0x000000001f7d7800 JavaThread "Cache worker for Java compile cache (C:\Users\User\Desktop\MyApplication\.gradle\4.4\javaCompile)" [_thread_blocked, id=9784, stack(0x000000002fcb0000,0x000000002fdb0000)]
  0x000000001f7da000 JavaThread "Task worker for ':' Thread 5" [_thread_blocked, id=9856, stack(0x000000002fbb0000,0x000000002fcb0000)]
  0x000000001f7d7000 JavaThread "Task worker for ':' Thread 4" [_thread_blocked, id=11864, stack(0x000000002fab0000,0x000000002fbb0000)]
  0x000000001f7ce000 JavaThread "Task worker for ':' Thread 3" [_thread_blocked, id=10732, stack(0x000000002f9b0000,0x000000002fab0000)]
  0x000000001f7d4800 JavaThread "Task worker for ':' Thread 2" [_thread_blocked, id=11584, stack(0x000000002f8b0000,0x000000002f9b0000)]
  0x000000001f7d4000 JavaThread "Task worker for ':'" [_thread_blocked, id=10348, stack(0x000000002f7b0000,0x000000002f8b0000)]
  0x000000001f7d3000 JavaThread "Cache worker for Build Output Cleanup Cache (C:\Users\User\Desktop\MyApplication\.gradle\buildOutputCleanup)" [_thread_blocked, id=11184, stack(0x000000002f6b0000,0x000000002f7b0000)]
  0x000000001f7d2800 JavaThread "Cache worker for task history cache (C:\Users\User\Desktop\MyApplication\.gradle\4.4\taskHistory)" [_thread_blocked, id=11088, stack(0x000000002f5b0000,0x000000002f6b0000)]
  0x000000001dcad800 JavaThread "Cache worker for file content cache (C:\Users\User\Desktop\MyApplication\.gradle\4.4\fileContent)" [_thread_blocked, id=2624, stack(0x000000002f4b0000,0x000000002f5b0000)]
  0x000000001dcac800 JavaThread "build operations Thread 6" [_thread_blocked, id=4608, stack(0x000000002f3b0000,0x000000002f4b0000)]
  0x000000001dcab000 JavaThread "build operations Thread 5" [_thread_blocked, id=10344, stack(0x000000002f2b0000,0x000000002f3b0000)]
  0x000000001dcac000 JavaThread "build operations Thread 4" [_thread_blocked, id=6736, stack(0x000000002f1b0000,0x000000002f2b0000)]
  0x000000001dca9800 JavaThread "build operations Thread 3" [_thread_blocked, id=10764, stack(0x000000002f0b0000,0x000000002f1b0000)]
  0x000000001dca2000 JavaThread "build operations Thread 2" [_thread_blocked, id=10788, stack(0x000000002efb0000,0x000000002f0b0000)]
  0x000000001dca9000 JavaThread "build operations" [_thread_blocked, id=4476, stack(0x000000002eeb0000,0x000000002efb0000)]
  0x000000001dca3800 JavaThread "Cache worker for Artifact transforms cache (C:\Users\User\.gradle\caches\transforms-1)" [_thread_blocked, id=10340, stack(0x000000002edb0000,0x000000002eeb0000)]
  0x000000001dca8000 JavaThread "Cache worker for file hash cache (C:\Users\User\Desktop\MyApplication\.gradle\4.4\fileHashes)" [_thread_blocked, id=3064, stack(0x000000002ecb0000,0x000000002edb0000)]
  0x000000001dca0800 JavaThread "Stdin handler" [_thread_blocked, id=416, stack(0x000000002ebb0000,0x000000002ecb0000)]
  0x000000001dca0000 JavaThread "Asynchronous log dispatcher for DefaultDaemonConnection: socket connection from /127.0.0.1:2330 to /127.0.0.1:2579" [_thread_blocked, id=6744, stack(0x000000002eab0000,0x000000002ebb0000)]
  0x000000001dca6800 JavaThread "Daemon worker Thread 4" [_thread_blocked, id=1960, stack(0x000000002e9b0000,0x000000002eab0000)]
  0x000000001dca5000 JavaThread "Cancel handler" [_thread_blocked, id=10540, stack(0x000000002e8b0000,0x000000002e9b0000)]
  0x000000001dca1800 JavaThread "Handler for socket connection from /127.0.0.1:2330 to /127.0.0.1:2579" [_thread_in_native, id=11180, stack(0x000000002e7b0000,0x000000002e8b0000)]
  0x000000001dc9f000 JavaThread "Daemon Thread 4" [_thread_blocked, id=4808, stack(0x000000002e6b0000,0x000000002e7b0000)]
  0x000000001f7cf800 JavaThread "Memory manager" [_thread_blocked, id=6152, stack(0x0000000022510000,0x0000000022610000)]
  0x0000000019dc9800 JavaThread "File lock request listener" [_thread_in_native, id=8120, stack(0x000000001b1c0000,0x000000001b2c0000)]
  0x0000000019d47800 JavaThread "Cache worker for file hash cache (C:\Users\User\.gradle\caches\4.4\fileHashes)" [_thread_blocked, id=9748, stack(0x000000001b0c0000,0x000000001b1c0000)]
  0x0000000019c7a800 JavaThread "Daemon periodic checks" [_thread_blocked, id=4836, stack(0x000000001a5c0000,0x000000001a6c0000)]
  0x0000000019ac1800 JavaThread "Incoming local TCP Connector on port 2330" [_thread_in_native, id=10332, stack(0x000000001a4c0000,0x000000001a5c0000)]
  0x00000000180c3000 JavaThread "Service Thread" daemon [_thread_blocked, id=1748, stack(0x00000000188f0000,0x00000000189f0000)]
  0x000000001803d000 JavaThread "C1 CompilerThread2" daemon [_thread_blocked, id=6968, stack(0x00000000187f0000,0x00000000188f0000)]
  0x000000001803c000 JavaThread "C2 CompilerThread1" daemon [_thread_in_native, id=9316, stack(0x00000000186f0000,0x00000000187f0000)]
=>0x000000001669d000 JavaThread "C2 CompilerThread0" daemon [_thread_in_native, id=5704, stack(0x00000000185f0000,0x00000000186f0000)]
  0x0000000016692800 JavaThread "Attach Listener" daemon [_thread_blocked, id=4936, stack(0x00000000184f0000,0x00000000185f0000)]
  0x0000000016691000 JavaThread "Signal Dispatcher" daemon [_thread_blocked, id=10820, stack(0x00000000183f0000,0x00000000184f0000)]
  0x0000000002acd800 JavaThread "Finalizer" daemon [_thread_blocked, id=9704, stack(0x0000000017ef0000,0x0000000017ff0000)]
  0x0000000002ac4000 JavaThread "Reference Handler" daemon [_thread_blocked, id=6888, stack(0x0000000017df0000,0x0000000017ef0000)]
  0x0000000000f2e000 JavaThread "main" [_thread_blocked, id=10244, stack(0x00000000028d0000,0x00000000029d0000)]

Other Threads:
  0x0000000016646000 VMThread [stack: 0x0000000017cf0000,0x0000000017df0000] [id=8732]
  0x00000000180c4000 WatcherThread [stack: 0x00000000189f0000,0x0000000018af0000] [id=2640]

VM state:not at safepoint (normal execution)

VM Mutex/Monitor currently owned by a thread: None

Heap:
 PSYoungGen      total 455168K, used 230206K [0x00000000e0000000, 0x00000000fe200000, 0x0000000100000000)
  eden space 436224K, 49% used [0x00000000e0000000,0x00000000ed20b1a0,0x00000000faa00000)
  from space 18944K, 79% used [0x00000000fcf80000,0x00000000fde44740,0x00000000fe200000)
  to   space 28672K, 0% used [0x00000000faa00000,0x00000000faa00000,0x00000000fc600000)
 ParOldGen       total 124928K, used 91683K [0x00000000a0000000, 0x00000000a7a00000, 0x00000000e0000000)
  object space 124928K, 73% used [0x00000000a0000000,0x00000000a5988f98,0x00000000a7a00000)
 Metaspace       used 91452K, capacity 95860K, committed 95960K, reserved 1132544K
  class space    used 11567K, capacity 12479K, committed 12544K, reserved 1048576K

Card table byte_map: [0x0000000011e90000,0x00000000121a0000] byte_map_base: 0x0000000011990000

Marking Bits: (ParMarkBitMap*) 0x0000000077f84970
 Begin Bits: [0x00000000129a0000, 0x00000000141a0000)
 End Bits:   [0x00000000141a0000, 0x00000000159a0000)

Polling page: 0x0000000000a70000

CodeCache: size=245760Kb used=57288Kb max_used=57301Kb free=188471Kb
 bounds [0x0000000002ad0000, 0x0000000006320000, 0x0000000011ad0000]
 total_blobs=18547 nmethods=17664 adapters=793
 compilation: enabled

Compilation events (10 events):
Event: 4837.123 Thread 0x000000001803c000 nmethod 21720% 0x00000000062c8690 code [0x00000000062c87e0, 0x00000000062c8cb8]
Event: 4837.123 Thread 0x000000001803c000 21426       4       com.android.tools.r8.dex.BaseFile::get (8 bytes)
Event: 4837.124 Thread 0x000000001803c000 nmethod 21426 0x00000000062eb0d0 code [0x00000000062eb220, 0x00000000062eb318]
Event: 4837.124 Thread 0x000000001803c000 18570       4       com.android.tools.r8.ir.code.BasicBlock::isOnThrowValue (15 bytes)
Event: 4837.128 Thread 0x000000001803c000 nmethod 18570 0x00000000062efad0 code [0x00000000062efc60, 0x00000000062f0018]
Event: 4837.128 Thread 0x000000001803c000 20810       4       com.android.tools.r8.it.unimi.dsi.fastutil.objects.Reference2IntLinkedOpenHashMap::put (34 bytes)
Event: 4837.129 Thread 0x000000001803c000 nmethod 20810 0x00000000062f0510 code [0x00000000062f0660, 0x00000000062f0708]
Event: 4837.129 Thread 0x000000001803c000 18577       4       com.android.tools.r8.ir.regalloc.LiveIntervals::overlaps (15 bytes)
Event: 4837.138 Thread 0x000000001803c000 nmethod 18577 0x00000000062f0c50 code [0x00000000062f0de0, 0x00000000062f1538]
Event: 4837.138 Thread 0x000000001803c000 21417       4       com.android.tools.r8.code.BaseInstructionFactory::create (3362 bytes)

GC Heap History (10 events):
Event: 4832.309 GC heap before
{Heap before GC invocations=23 (full 3):
 PSYoungGen      total 303616K, used 282176K [0x00000000e0000000, 0x00000000f7280000, 0x0000000100000000)
  eden space 269312K, 100% used [0x00000000e0000000,0x00000000f0700000,0x00000000f0700000)
  from space 34304K, 37% used [0x00000000f0700000,0x00000000f13901d0,0x00000000f2880000)
  to   space 32768K, 0% used [0x00000000f5280000,0x00000000f5280000,0x00000000f7280000)
 ParOldGen       total 124928K, used 88875K [0x00000000a0000000, 0x00000000a7a00000, 0x00000000e0000000)
  object space 124928K, 71% used [0x00000000a0000000,0x00000000a56caf18,0x00000000a7a00000)
 Metaspace       used 90065K, capacity 94308K, committed 94552K, reserved 1132544K
  class space    used 11491K, capacity 12397K, committed 12416K, reserved 1048576K
Event: 4832.323 GC heap after
Heap after GC invocations=23 (full 3):
 PSYoungGen      total 347648K, used 13145K [0x00000000e0000000, 0x00000000f7500000, 0x0000000100000000)
  eden space 314880K, 0% used [0x00000000e0000000,0x00000000e0000000,0x00000000f3380000)
  from space 32768K, 40% used [0x00000000f5280000,0x00000000f5f56600,0x00000000f7280000)
  to   space 31744K, 0% used [0x00000000f3380000,0x00000000f3380000,0x00000000f5280000)
 ParOldGen       total 124928K, used 88875K [0x00000000a0000000, 0x00000000a7a00000, 0x00000000e0000000)
  object space 124928K, 71% used [0x00000000a0000000,0x00000000a56caf18,0x00000000a7a00000)
 Metaspace       used 90065K, capacity 94308K, committed 94552K, reserved 1132544K
  class space    used 11491K, capacity 12397K, committed 12416K, reserved 1048576K
}
Event: 4832.875 GC heap before
{Heap before GC invocations=24 (full 3):
 PSYoungGen      total 347648K, used 328025K [0x00000000e0000000, 0x00000000f7500000, 0x0000000100000000)
  eden space 314880K, 100% used [0x00000000e0000000,0x00000000f3380000,0x00000000f3380000)
  from space 32768K, 40% used [0x00000000f5280000,0x00000000f5f56600,0x00000000f7280000)
  to   space 31744K, 0% used [0x00000000f3380000,0x00000000f3380000,0x00000000f5280000)
 ParOldGen       total 124928K, used 88875K [0x00000000a0000000, 0x00000000a7a00000, 0x00000000e0000000)
  object space 124928K, 71% used [0x00000000a0000000,0x00000000a56caf18,0x00000000a7a00000)
 Metaspace       used 90355K, capacity 94600K, committed 94808K, reserved 1132544K
  class space    used 11491K, capacity 12397K, committed 12416K, reserved 1048576K
Event: 4832.885 GC heap after
Heap after GC invocations=24 (full 3):
 PSYoungGen      total 346624K, used 11166K [0x00000000e0000000, 0x00000000fa580000, 0x0000000100000000)
  eden space 314880K, 0% used [0x00000000e0000000,0x00000000e0000000,0x00000000f3380000)
  from space 31744K, 35% used [0x00000000f3380000,0x00000000f3e67940,0x00000000f5280000)
  to   space 30720K, 0% used [0x00000000f8780000,0x00000000f8780000,0x00000000fa580000)
 ParOldGen       total 124928K, used 88883K [0x00000000a0000000, 0x00000000a7a00000, 0x00000000e0000000)
  object space 124928K, 71% used [0x00000000a0000000,0x00000000a56ccf18,0x00000000a7a00000)
 Metaspace       used 90355K, capacity 94600K, committed 94808K, reserved 1132544K
  class space    used 11491K, capacity 12397K, committed 12416K, reserved 1048576K
}
Event: 4833.278 GC heap before
{Heap before GC invocations=25 (full 3):
 PSYoungGen      total 346624K, used 326046K [0x00000000e0000000, 0x00000000fa580000, 0x0000000100000000)
  eden space 314880K, 100% used [0x00000000e0000000,0x00000000f3380000,0x00000000f3380000)
  from space 31744K, 35% used [0x00000000f3380000,0x00000000f3e67940,0x00000000f5280000)
  to   space 30720K, 0% used [0x00000000f8780000,0x00000000f8780000,0x00000000fa580000)
 ParOldGen       total 124928K, used 88883K [0x00000000a0000000, 0x00000000a7a00000, 0x00000000e0000000)
  object space 124928K, 71% used [0x00000000a0000000,0x00000000a56ccf18,0x00000000a7a00000)
 Metaspace       used 90462K, capacity 94750K, committed 94808K, reserved 1132544K
  class space    used 11492K, capacity 12398K, committed 12416K, reserved 1048576K
Event: 4833.299 GC heap after
Heap after GC invocations=25 (full 3):
 PSYoungGen      total 400896K, used 19772K [0x00000000e0000000, 0x00000000fae80000, 0x0000000100000000)
  eden space 370176K, 0% used [0x00000000e0000000,0x00000000e0000000,0x00000000f6980000)
  from space 30720K, 64% used [0x00000000f8780000,0x00000000f9acf048,0x00000000fa580000)
  to   space 30720K, 0% used [0x00000000f6980000,0x00000000f6980000,0x00000000f8780000)
 ParOldGen       total 124928K, used 88891K [0x00000000a0000000, 0x00000000a7a00000, 0x00000000e0000000)
  object space 124928K, 71% used [0x00000000a0000000,0x00000000a56cef18,0x00000000a7a00000)
 Metaspace       used 90462K, capacity 94750K, committed 94808K, reserved 1132544K
  class space    used 11492K, capacity 12398K, committed 12416K, reserved 1048576K
}
Event: 4833.819 GC heap before
{Heap before GC invocations=26 (full 3):
 PSYoungGen      total 400896K, used 389948K [0x00000000e0000000, 0x00000000fae80000, 0x0000000100000000)
  eden space 370176K, 100% used [0x00000000e0000000,0x00000000f6980000,0x00000000f6980000)
  from space 30720K, 64% used [0x00000000f8780000,0x00000000f9acf048,0x00000000fa580000)
  to   space 30720K, 0% used [0x00000000f6980000,0x00000000f6980000,0x00000000f8780000)
 ParOldGen       total 124928K, used 88891K [0x00000000a0000000, 0x00000000a7a00000, 0x00000000e0000000)
  object space 124928K, 71% used [0x00000000a0000000,0x00000000a56cef18,0x00000000a7a00000)
 Metaspace       used 90622K, capacity 94894K, committed 95064K, reserved 1132544K
  class space    used 11495K, capacity 12400K, committed 12416K, reserved 1048576K
Event: 4833.833 GC heap after
Heap after GC invocations=26 (full 3):
 PSYoungGen      total 400896K, used 10084K [0x00000000e0000000, 0x00000000fed00000, 0x0000000100000000)
  eden space 370176K, 0% used [0x00000000e0000000,0x00000000e0000000,0x00000000f6980000)
  from space 30720K, 32% used [0x00000000f6980000,0x00000000f7359078,0x00000000f8780000)
  to   space 30208K, 0% used [0x00000000fcf80000,0x00000000fcf80000,0x00000000fed00000)
 ParOldGen       total 124928K, used 91203K [0x00000000a0000000, 0x00000000a7a00000, 0x00000000e0000000)
  object space 124928K, 73% used [0x00000000a0000000,0x00000000a5910f78,0x00000000a7a00000)
 Metaspace       used 90622K, capacity 94894K, committed 95064K, reserved 1132544K
  class space    used 11495K, capacity 12400K, committed 12416K, reserved 1048576K
}
Event: 4835.962 GC heap before
{Heap before GC invocations=27 (full 3):
 PSYoungGen      total 400896K, used 380260K [0x00000000e0000000, 0x00000000fed00000, 0x0000000100000000)
  eden space 370176K, 100% used [0x00000000e0000000,0x00000000f6980000,0x00000000f6980000)
  from space 30720K, 32% used [0x00000000f6980000,0x00000000f7359078,0x00000000f8780000)
  to   space 30208K, 0% used [0x00000000fcf80000,0x00000000fcf80000,0x00000000fed00000)
 ParOldGen       total 124928K, used 91203K [0x00000000a0000000, 0x00000000a7a00000, 0x00000000e0000000)
  object space 124928K, 73% used [0x00000000a0000000,0x00000000a5910f78,0x00000000a7a00000)
 Metaspace       used 91009K, capacity 95290K, committed 95320K, reserved 1132544K
  class space    used 11526K, capacity 12414K, committed 12416K, reserved 1048576K
Event: 4835.974 GC heap after
Heap after GC invocations=27 (full 3):
 PSYoungGen      total 455168K, used 15121K [0x00000000e0000000, 0x00000000fe200000, 0x0000000100000000)
  eden space 436224K, 0% used [0x00000000e0000000,0x00000000e0000000,0x00000000faa00000)
  from space 18944K, 79% used [0x00000000fcf80000,0x00000000fde44740,0x00000000fe200000)
  to   space 28672K, 0% used [0x00000000faa00000,0x00000000faa00000,0x00000000fc600000)
 ParOldGen       total 124928K, used 91683K [0x00000000a0000000, 0x00000000a7a00000, 0x00000000e0000000)
  object space 124928K, 73% used [0x00000000a0000000,0x00000000a5988f98,0x00000000a7a00000)
 Metaspace       used 91009K, capacity 95290K, committed 95320K, reserved 1132544K
  class space    used 11526K, capacity 12414K, committed 12416K, reserved 1048576K
}

Deoptimization events (10 events):
Event: 4836.788 Thread 0x000000001bbe5800 Uncommon trap: reason=array_check action=maybe_recompile pc=0x0000000006288458 method=java.util.TimSort.mergeLo(IIII)V @ 81
Event: 4836.789 Thread 0x000000001bbe5800 Uncommon trap: reason=array_check action=maybe_recompile pc=0x000000000627ded0 method=java.util.TimSort.mergeHi(IIII)V @ 101
Event: 4836.789 Thread 0x000000001bbe5800 Uncommon trap: reason=array_check action=maybe_recompile pc=0x0000000006288458 method=java.util.TimSort.mergeLo(IIII)V @ 81
Event: 4836.790 Thread 0x000000001bbe5800 Uncommon trap: reason=array_check action=maybe_recompile pc=0x0000000006220a8c method=java.util.TimSort.mergeLo(IIII)V @ 212
Event: 4836.792 Thread 0x000000001bbe5800 Uncommon trap: reason=array_check action=maybe_recompile pc=0x0000000006220a8c method=java.util.TimSort.mergeLo(IIII)V @ 212
Event: 4836.792 Thread 0x000000001bbe5800 Uncommon trap: reason=array_check action=maybe_recompile pc=0x0000000006229908 method=java.util.TimSort.mergeHi(IIII)V @ 282
Event: 4836.922 Thread 0x000000001f7d4000 Uncommon trap: reason=class_check action=maybe_recompile pc=0x00000000062d1514 method=java.util.stream.MatchOps$MatchOp.evaluateSequential(Ljava/util/stream/PipelineHelper;Ljava/util/Spliterator;)Ljava/lang/Boolean; @ 14
Event: 4836.922 Thread 0x000000001f7d4000 Uncommon trap: reason=bimorphic action=maybe_recompile pc=0x00000000062c79bc method=java.util.stream.AbstractPipeline.copyIntoWithCancel(Ljava/util/stream/Sink;Ljava/util/Spliterator;)V @ 24
Event: 4836.922 Thread 0x000000001f7d4000 Uncommon trap: reason=bimorphic action=maybe_recompile pc=0x00000000059b18a8 method=java.util.stream.ReferencePipeline.forEachWithCancel(Ljava/util/Spliterator;Ljava/util/stream/Sink;)V @ 1
Event: 4836.922 Thread 0x000000001f7d4000 Uncommon trap: reason=class_check action=maybe_recompile pc=0x0000000005538b8c method=java.util.Spliterators$ArraySpliterator.tryAdvance(Ljava/util/function/Consumer;)Z @ 49

Classes redefined (0 events):
No events

Internal exceptions (10 events):
Event: 4836.573 Thread 0x000000001d9ce800 Exception <a 'sun/nio/fs/WindowsException'> (0x00000000e7933578) thrown at [D:\src\AOSP-openjdk-cygwin\jdk8u\hotspot\src\share\vm\prims\jni.cpp, line 709]
Event: 4836.574 Thread 0x000000001b683800 Exception <a 'sun/nio/fs/WindowsException'> (0x00000000e7da39f8) thrown at [D:\src\AOSP-openjdk-cygwin\jdk8u\hotspot\src\share\vm\prims\jni.cpp, line 709]
Event: 4836.577 Thread 0x000000001f7da800 Exception <a 'sun/nio/fs/WindowsException'> (0x00000000e79f8e28) thrown at [D:\src\AOSP-openjdk-cygwin\jdk8u\hotspot\src\share\vm\prims\jni.cpp, line 709]
Event: 4836.581 Thread 0x000000001dca7800 Exception <a 'sun/nio/fs/WindowsException'> (0x00000000e7ed0108) thrown at [D:\src\AOSP-openjdk-cygwin\jdk8u\hotspot\src\share\vm\prims\jni.cpp, line 709]
Event: 4836.586 Thread 0x000000001d9c3000 Exception <a 'sun/nio/fs/WindowsException'> (0x00000000e822c8c8) thrown at [D:\src\AOSP-openjdk-cygwin\jdk8u\hotspot\src\share\vm\prims\jni.cpp, line 709]
Event: 4836.588 Thread 0x000000001b683800 Exception <a 'sun/nio/fs/WindowsException'> (0x00000000e85a20a8) thrown at [D:\src\AOSP-openjdk-cygwin\jdk8u\hotspot\src\share\vm\prims\jni.cpp, line 709]
Event: 4836.596 Thread 0x000000001d9c1000 Exception <a 'sun/nio/fs/WindowsException'> (0x00000000e8180ca8) thrown at [D:\src\AOSP-openjdk-cygwin\jdk8u\hotspot\src\share\vm\prims\jni.cpp, line 709]
Event: 4836.601 Thread 0x000000001bbe5000 Exception <a 'sun/nio/fs/WindowsException'> (0x00000000e87a0808) thrown at [D:\src\AOSP-openjdk-cygwin\jdk8u\hotspot\src\share\vm\prims\jni.cpp, line 709]
Event: 4836.605 Thread 0x000000001d9ca000 Exception <a 'sun/nio/fs/WindowsException'> (0x00000000e8a3a2f0) thrown at [D:\src\AOSP-openjdk-cygwin\jdk8u\hotspot\src\share\vm\prims\jni.cpp, line 709]
Event: 4836.856 Thread 0x000000001bbe5800 Exception <a 'sun/nio/fs/WindowsException'> (0x00000000ec6d2b90) thrown at [D:\src\AOSP-openjdk-cygwin\jdk8u\hotspot\src\share\vm\prims\jni.cpp, line 709]

Events (10 events):
Event: 4837.068 Thread 0x000000001d9c8800 Thread exited: 0x000000001d9c8800
Event: 4837.068 Executing VM operation: RevokeBias
Event: 4837.069 Executing VM operation: RevokeBias done
Event: 4837.069 Thread 0x000000001d9ca000 Thread exited: 0x000000001d9ca000
Event: 4837.086 Executing VM operation: RevokeBias
Event: 4837.086 Executing VM operation: RevokeBias done
Event: 4837.086 Thread 0x000000001d9cb800 Thread exited: 0x000000001d9cb800
Event: 4837.086 Executing VM operation: RevokeBias
Event: 4837.086 Executing VM operation: RevokeBias done
Event: 4837.086 Thread 0x000000001d9c9000 Thread exited: 0x000000001d9c9000


Dynamic libraries:
0x00007ff60bf70000 - 0x00007ff60bfa1000 	C:\Program Files\Android\Android Studio\jre\bin\java.exe
0x00007ffffe810000 - 0x00007ffffe9e0000 	C:\windows\SYSTEM32\ntdll.dll
0x00007ffffc840000 - 0x00007ffffc8ec000 	C:\windows\System32\KERNEL32.DLL
0x00007ffffae00000 - 0x00007ffffb01d000 	C:\windows\System32\KERNELBASE.dll
0x0000000050cd0000 - 0x0000000050d65000 	C:\windows\System32\SYSFER.DLL
0x00007ffffe0c0000 - 0x00007ffffe162000 	C:\windows\System32\ADVAPI32.dll
0x00007ffffde00000 - 0x00007ffffde9e000 	C:\windows\System32\msvcrt.dll
0x00007ffffe060000 - 0x00007ffffe0b9000 	C:\windows\System32\sechost.dll
0x00007ffffc1e0000 - 0x00007ffffc301000 	C:\windows\System32\RPCRT4.dll
0x00007ffffc070000 - 0x00007ffffc1d5000 	C:\windows\System32\USER32.dll
0x00007ffffb0d0000 - 0x00007ffffb0ee000 	C:\windows\System32\win32u.dll
0x00007ffffe3e0000 - 0x00007ffffe414000 	C:\windows\System32\GDI32.dll
0x00007ffffb530000 - 0x00007ffffb6b1000 	C:\windows\System32\gdi32full.dll
0x00007fffed5f0000 - 0x00007fffed86a000 	C:\windows\WinSxS\amd64_microsoft.windows.common-controls_6595b64144ccf1df_6.0.14393.2273_none_7de240fc83403786\COMCTL32.dll
0x00007ffffbda0000 - 0x00007ffffc068000 	C:\windows\System32\combase.dll
0x00007ffffad00000 - 0x00007ffffadf5000 	C:\windows\System32\ucrtbase.dll
0x00007ffffb4c0000 - 0x00007ffffb52a000 	C:\windows\System32\bcryptPrimitives.dll
0x00007ffffe7d0000 - 0x00007ffffe7fe000 	C:\windows\System32\IMM32.DLL
0x0000000050570000 - 0x0000000050642000 	C:\Program Files\Android\Android Studio\jre\jre\bin\msvcr100.dll
0x00000000777c0000 - 0x0000000077fff000 	C:\Program Files\Android\Android Studio\jre\jre\bin\server\jvm.dll
0x00007ffffe550000 - 0x00007ffffe558000 	C:\windows\System32\PSAPI.DLL
0x00007ffff90c0000 - 0x00007ffff90c9000 	C:\windows\SYSTEM32\WSOCK32.dll
0x00007ffffe480000 - 0x00007ffffe4ea000 	C:\windows\System32\WS2_32.dll
0x00007ffff8fb0000 - 0x00007ffff8fd3000 	C:\windows\SYSTEM32\WINMM.dll
0x00007ffff9f80000 - 0x00007ffff9f8a000 	C:\windows\SYSTEM32\VERSION.dll
0x00007ffff8ca0000 - 0x00007ffff8ccb000 	C:\windows\SYSTEM32\WINMMBASE.dll
0x00007ffffb1a0000 - 0x00007ffffb1e2000 	C:\windows\System32\cfgmgr32.dll
0x00007ffff90b0000 - 0x00007ffff90bf000 	C:\Program Files\Android\Android Studio\jre\jre\bin\verify.dll
0x00007ffff1260000 - 0x00007ffff1289000 	C:\Program Files\Android\Android Studio\jre\jre\bin\java.dll
0x00007ffff8210000 - 0x00007ffff8226000 	C:\Program Files\Android\Android Studio\jre\jre\bin\zip.dll
0x00007ffffc8f0000 - 0x00007ffffddf5000 	C:\windows\System32\SHELL32.dll
0x00007ffffb6c0000 - 0x00007ffffbd99000 	C:\windows\System32\windows.storage.dll
0x00007ffffac80000 - 0x00007ffffaccc000 	C:\windows\System32\powrprof.dll
0x00007ffffe000000 - 0x00007ffffe052000 	C:\windows\System32\shlwapi.dll
0x00007ffffacf0000 - 0x00007ffffacff000 	C:\windows\System32\kernel.appcore.dll
0x00007ffffb0f0000 - 0x00007ffffb199000 	C:\windows\System32\shcore.dll
0x00007ffffacd0000 - 0x00007fffface4000 	C:\windows\System32\profapi.dll
0x00007ffff10c0000 - 0x00007ffff10da000 	C:\Program Files\Android\Android Studio\jre\jre\bin\net.dll
0x00007ffffa540000 - 0x00007ffffa59c000 	C:\windows\system32\mswsock.dll
0x00007ffff10a0000 - 0x00007ffff10b1000 	C:\Program Files\Android\Android Studio\jre\jre\bin\nio.dll
0x00007fffeec90000 - 0x00007fffeecae000 	C:\Users\User\.gradle\native\25\windows-amd64\native-platform.dll
0x00007ffff1310000 - 0x00007ffff131d000 	C:\Program Files\Android\Android Studio\jre\jre\bin\management.dll
0x00007ffffa6e0000 - 0x00007ffffa6f7000 	C:\windows\SYSTEM32\CRYPTSP.dll
0x00007ffffa140000 - 0x00007ffffa173000 	C:\windows\system32\rsaenh.dll
0x00007ffffabb0000 - 0x00007ffffabdb000 	C:\windows\SYSTEM32\bcrypt.dll
0x00007ffffa3c0000 - 0x00007ffffa3df000 	C:\windows\SYSTEM32\USERENV.dll
0x00007ffffa700000 - 0x00007ffffa70b000 	C:\windows\SYSTEM32\CRYPTBASE.dll
0x00007ffffa2c0000 - 0x00007ffffa2f8000 	C:\windows\SYSTEM32\IPHLPAPI.DLL
0x00007ffffe620000 - 0x00007ffffe628000 	C:\windows\System32\NSI.dll
0x00007ffff6a40000 - 0x00007ffff6a56000 	C:\windows\SYSTEM32\dhcpcsvc6.DLL
0x00007ffff6860000 - 0x00007ffff687a000 	C:\windows\SYSTEM32\dhcpcsvc.DLL
0x00007fffefb60000 - 0x00007fffefb84000 	C:\Program Files\Android\Android Studio\jre\jre\bin\sunec.dll
0x00007ffffa310000 - 0x00007ffffa3b1000 	C:\windows\SYSTEM32\DNSAPI.dll
0x00007ffff1300000 - 0x00007ffff130a000 	C:\Windows\System32\rasadhlp.dll
0x00007ffff2410000 - 0x00007ffff247a000 	C:\windows\System32\fwpuclnt.dll
0x00007ffff1150000 - 0x00007ffff115b000 	C:\Program Files\Android\Android Studio\jre\jre\bin\sunmscapi.dll
0x00007ffffb250000 - 0x00007ffffb419000 	C:\windows\System32\CRYPT32.dll
0x00007ffffac70000 - 0x00007ffffac80000 	C:\windows\System32\MSASN1.dll
0x00007ffff90f0000 - 0x00007ffff916a000 	C:\windows\system32\apphelp.dll

VM Arguments:
jvm_args: -Xmx1536m -Dfile.encoding=x-windows-950 -Duser.country=TW -Duser.language=zh -Duser.variant 
java_command: org.gradle.launcher.daemon.bootstrap.GradleDaemon 4.4
java_class_path (initial): C:\Users\User\.gradle\wrapper\dists\gradle-4.4-all\9br9xq1tocpiv8o6njlyu5op1\gradle-4.4\lib\gradle-launcher-4.4.jar
Launcher Type: SUN_STANDARD

Environment Variables:
PATH=C:\Program Files (x86)\Common Files\Oracle\Java\javapath;C:\Program Files (x86)\Intel\Intel(R) Management Engine Components\iCLS\;C:\Program Files\Intel\Intel(R) Management Engine Components\iCLS\;C:\ProgramData\Oracle\Java\javapath;C:\PROGRA~2\Borland\CBUILD~1\Projects\Bpl;C:\PROGRA~2\Borland\CBUILD~1\Bin;C:\windows\system32;C:\windows;C:\windows\System32\Wbem;"C:\Program Files\Java\jdk-10.0.2\bin";C:\Program Files\dotnet\;C:\Program Files (x86)\Common Files\Ulead Systems\MPEG;C:\Program Files (x86)\Common Files\Ulead Systems\DVD;C:\Program Files (x86)\Intel\Intel(R) Management Engine Components\DAL;C:\Program Files\Intel\Intel(R) Management Engine Components\DAL;C:\Program Files (x86)\Intel\Intel(R) Management Engine Components\IPT;C:\Program Files\Intel\Intel(R) Management Engine Components\IPT;C:\Program Files\MATLAB\R2017b\runtime\win64;C:\Program Files\MATLAB\R2017b\bin;C:\Program Files (x86)\Microsoft SQL Server\110\Tools\Binn\;C:\Program Files\Microsoft SQL Server\110\Tools\Binn\;C:\Program Files\Microsoft SQL Server\110\DTS\Binn\;C:\Program Files (x86)\Common Files\AspenTech Shared\;C:\Program Files\Git\cmd;C:\Program Files\Microsoft SQL Server\130\Tools\Binn\;C:\Users\User\AppData\Local\Microsoft\WindowsApps;AspenTech\Aspen Hydraulics;C:\Program Files (x86)\g95\bin
USERNAME=User
OS=Windows_NT
PROCESSOR_IDENTIFIER=Intel64 Family 6 Model 158 Stepping 10, GenuineIntel



---------------  S Y S T E M  ---------------

OS: Windows 10.0 , 64 bit Build 14393 (10.0.14393.2214)

CPU:total 6 (initial active 6) (6 cores per cpu, 1 threads per core) family 6 model 158 stepping 10, cmov, cx8, fxsr, mmx, sse, sse2, sse3, ssse3, sse4.1, sse4.2, popcnt, avx, avx2, clmul, erms, rtm, 3dnowpref, lzcnt, tsc, tscinvbit, bmi1, bmi2, adx

Memory: 4k page, physical 8270612k(1140744k free), swap 10367764k(736k free)

vm_info: OpenJDK 64-Bit Server VM (25.152-b02) for windows-amd64 JRE (1.8.0_152-release-1024-b02), built by "builder" with MS VC++ 10.0 (VS2010)

time: Thu Oct 18 15:31:22 2018
elapsed time: 4837 seconds (0d 1h 20m 37s)

